<?xml version="1.0" encoding="UTF-8"?>
<testng-results ignored="0" total="6" passed="6" failed="0" skipped="0">
  <reporter-output>
  </reporter-output>
  <suite started-at="2021-06-30T20:24:48 IST" name="Skyscanner FlightsPage Test" finished-at="2021-06-30T20:27:10 IST" duration-ms="141478">
    <groups>
      <group name="cucumber">
        <method signature="AbstractTestNGCucumberTests.runScenario(io.cucumber.testng.PickleWrapper, io.cucumber.testng.FeatureWrapper)[pri:0, instance:TestRunner.TestRunner@4386f16]" name="runScenario" class="io.cucumber.testng.AbstractTestNGCucumberTests"/>
      </group> <!-- cucumber -->
    </groups>
    <test started-at="2021-06-30T20:24:48 IST" name="Smoke Test" finished-at="2021-06-30T20:27:10 IST" duration-ms="141478">
      <class name="TestRunner.TestRunner">
        <test-method is-config="true" signature="setUpClass()[pri:0, instance:TestRunner.TestRunner@4386f16]" started-at="2021-06-30T20:24:48 IST" name="setUpClass" finished-at="2021-06-30T20:24:49 IST" duration-ms="1148" status="PASS">
          <reporter-output>
          </reporter-output>
        </test-method> <!-- setUpClass -->
        <test-method signature="runScenario(io.cucumber.testng.PickleWrapper, io.cucumber.testng.FeatureWrapper)[pri:0, instance:TestRunner.TestRunner@4386f16]" started-at="2021-06-30T20:24:49 IST" name="runScenario" description="Runs Cucumber Scenarios" data-provider="scenarios" finished-at="2021-06-30T20:25:26 IST" duration-ms="36222" status="PASS">
          <params>
            <param index="0">
              <value>
                <![CDATA["All search fields are entered except checkboxes and default no. of traveller"]]>
              </value>
            </param>
            <param index="1">
              <value>
                <![CDATA["Optional[Skyscanner Flights Page search box testing]"]]>
              </value>
            </param>
          </params>
          <reporter-output>
          </reporter-output>
        </test-method> <!-- runScenario -->
        <test-method signature="runScenario(io.cucumber.testng.PickleWrapper, io.cucumber.testng.FeatureWrapper)[pri:0, instance:TestRunner.TestRunner@4386f16]" started-at="2021-06-30T20:25:26 IST" name="runScenario" description="Runs Cucumber Scenarios" data-provider="scenarios" finished-at="2021-06-30T20:25:46 IST" duration-ms="19941" status="PASS">
          <params>
            <param index="0">
              <value>
                <![CDATA["All search fields are entered except checkboxes and default no. of traveller"]]>
              </value>
            </param>
            <param index="1">
              <value>
                <![CDATA["Optional[Skyscanner Flights Page search box testing]"]]>
              </value>
            </param>
          </params>
          <reporter-output>
          </reporter-output>
        </test-method> <!-- runScenario -->
        <test-method signature="runScenario(io.cucumber.testng.PickleWrapper, io.cucumber.testng.FeatureWrapper)[pri:0, instance:TestRunner.TestRunner@4386f16]" started-at="2021-06-30T20:25:46 IST" name="runScenario" description="Runs Cucumber Scenarios" data-provider="scenarios" finished-at="2021-06-30T20:26:07 IST" duration-ms="21585" status="PASS">
          <params>
            <param index="0">
              <value>
                <![CDATA["All search fields are entered except checkboxes and increasing just no.of adults"]]>
              </value>
            </param>
            <param index="1">
              <value>
                <![CDATA["Optional[Skyscanner Flights Page search box testing]"]]>
              </value>
            </param>
          </params>
          <reporter-output>
          </reporter-output>
        </test-method> <!-- runScenario -->
        <test-method signature="runScenario(io.cucumber.testng.PickleWrapper, io.cucumber.testng.FeatureWrapper)[pri:0, instance:TestRunner.TestRunner@4386f16]" started-at="2021-06-30T20:26:07 IST" name="runScenario" description="Runs Cucumber Scenarios" data-provider="scenarios" finished-at="2021-06-30T20:26:29 IST" duration-ms="21962" status="PASS">
          <params>
            <param index="0">
              <value>
                <![CDATA["All search fields are entered except checkboxes and increasing just no.of child."]]>
              </value>
            </param>
            <param index="1">
              <value>
                <![CDATA["Optional[Skyscanner Flights Page search box testing]"]]>
              </value>
            </param>
          </params>
          <reporter-output>
          </reporter-output>
        </test-method> <!-- runScenario -->
        <test-method signature="runScenario(io.cucumber.testng.PickleWrapper, io.cucumber.testng.FeatureWrapper)[pri:0, instance:TestRunner.TestRunner@4386f16]" started-at="2021-06-30T20:26:29 IST" name="runScenario" description="Runs Cucumber Scenarios" data-provider="scenarios" finished-at="2021-06-30T20:26:50 IST" duration-ms="20941" status="PASS">
          <params>
            <param index="0">
              <value>
                <![CDATA["Increasing child and missing to select one of the child age."]]>
              </value>
            </param>
            <param index="1">
              <value>
                <![CDATA["Optional[Skyscanner Flights Page search box testing]"]]>
              </value>
            </param>
          </params>
          <reporter-output>
          </reporter-output>
        </test-method> <!-- runScenario -->
        <test-method signature="runScenario(io.cucumber.testng.PickleWrapper, io.cucumber.testng.FeatureWrapper)[pri:0, instance:TestRunner.TestRunner@4386f16]" started-at="2021-06-30T20:26:50 IST" name="runScenario" description="Runs Cucumber Scenarios" data-provider="scenarios" finished-at="2021-06-30T20:27:09 IST" duration-ms="19249" status="PASS">
          <params>
            <param index="0">
              <value>
                <![CDATA["All checkboxes are selected with default no. of traveller."]]>
              </value>
            </param>
            <param index="1">
              <value>
                <![CDATA["Optional[Skyscanner Flights Page search box testing]"]]>
              </value>
            </param>
          </params>
          <reporter-output>
          </reporter-output>
        </test-method> <!-- runScenario -->
        <test-method is-config="true" signature="tearDownClass()[pri:0, instance:TestRunner.TestRunner@4386f16]" started-at="2021-06-30T20:27:09 IST" name="tearDownClass" finished-at="2021-06-30T20:27:10 IST" duration-ms="340" status="PASS">
          <reporter-output>
          </reporter-output>
        </test-method> <!-- tearDownClass -->
      </class> <!-- TestRunner.TestRunner -->
    </test> <!-- Smoke Test -->
  </suite> <!-- Skyscanner FlightsPage Test -->
</testng-results>
